[35m[Appium][39m Welcome to Appium v1.22.3
[35m[Appium][39m Non-default server args:
[35m[Appium][39m   port: 52515
[35m[Appium][39m   loglevel: info
[35m[Appium][39m   tmpDir: C:\Users\User\AppData\Local\Temp\\Katalon\Appium\Temp1687657862747
[35m[Appium][39m   chromedriverPort: 52516
[35m[Appium][39m Deprecated server args:
[35m[Appium][39m   [31m--chromedriver-port[39m => --default-capabilities
[35m[Appium][39m Default capabilities, which will be added to each request unless overridden by desired capabilities:
[35m[Appium][39m   chromedriverPort: 52516
[35m[Appium][39m Appium REST http interface listener started on 0.0.0.0:52515
[35m[HTTP][39m [37m-->[39m [37mGET[39m [37m/wd/hub/status[39m
[35m[HTTP][39m [90m{}[39m
[35m[HTTP][39m [37m<-- GET /wd/hub/status [39m[32m200[39m [90m11 ms - 68[39m
[35m[HTTP][39m [90m[39m
[35m[HTTP][39m [37m-->[39m [37mGET[39m [37m/wd/hub/status[39m
[35m[HTTP][39m [90m{}[39m
[35m[HTTP][39m [37m<-- GET /wd/hub/status [39m[32m200[39m [90m2 ms - 68[39m
[35m[HTTP][39m [90m[39m
[35m[HTTP][39m [37m-->[39m [37mPOST[39m [37m/wd/hub/session[39m
[35m[HTTP][39m [90m{"desiredCapabilities":{"appActivity":".Settings","appPackage":"com.android.settings","newCommandTimeout":1800,"platformVersion":"11","automationName":"uiautomator2","autoGrantPermissions":true,"platformName":"Android","udid":"ea94d14d","deviceName":"Xiaomi M2101K6G (Android 11)","platform":"ANDROID","systemPort":8273},"capabilities":{"firstMatch":[{"appium:appActivity":".Settings","appium:appPackage":"com.android.settings","appium:autoGrantPermissions":true,"appium:automationName":"uiautomator2","appium:deviceName":"Xiaomi M2101K6G (Android 11)","appium:newCommandTimeout":1800,"platform":"ANDROID","platformName":"android","appium:platformVersion":"11","appium:systemPort":8273,"appium:udid":"ea94d14d"}]}}[39m
[35m[BaseDriver][39m The following capabilities are not standard capabilities and should have an extension prefix:
[35m[BaseDriver][39m   platform
[35m[BaseDriver][39m   chromedriverPort
[35m[Appium][39m Appium v1.22.3 creating new AndroidUiautomator2Driver (v1.70.1) session
[35m[BaseDriver][39m The following capabilities were provided, but are not recognized by Appium:
[35m[BaseDriver][39m   platform
[35m[BaseDriver][39m Session created with session id: 60a2e62e-b724-4573-a9d3-097bb3fa34b0
[35m[UiAutomator2][39m Starting 'com.android.settings' directly on the device
[35m[ADB][39m Found 1 'build-tools' folders under 'C:\Users\User\.katalon\tools\android_sdk' (newest first):
[35m[ADB][39m     C:/Users/User/.katalon/tools/android_sdk/build-tools/29.0.3
[35m[ADB][39m Using 'adb.exe' from 'C:\Users\User\.katalon\tools\android_sdk\platform-tools\adb.exe'
[35m[AndroidDriver][39m Retrieving device list
[35m[AndroidDriver][39m Using device: ea94d14d
[35m[ADB][39m Using 'adb.exe' from 'C:\Users\User\.katalon\tools\android_sdk\platform-tools\adb.exe'
[35m[ADB][39m Getting device platform version
[35m[UiAutomator2][39m Relaxing hidden api policy
[35m[AndroidDriver][39m No app sent in, not parsing package/activity
[35m[ADB][39m Using 'apksigner.jar' from 'C:\Users\User\.katalon\tools\android_sdk\build-tools\29.0.3\lib\apksigner.jar'
[35m[ADB][39m 'C:\Users\User\AppData\Roaming\npm\node_modules\appium\node_modules\appium-uiautomator2-server\apks\appium-uiautomator2-server-v4.27.0.apk' is signed with the default certificate
[35m[ADB][39m 'C:\Users\User\AppData\Roaming\npm\node_modules\appium\node_modules\appium-uiautomator2-server\apks\appium-uiautomator2-server-debug-androidTest.apk' is signed with the default certificate
[35m[UiAutomator2][39m Server packages are not going to be (re)installed
[35m[ADB][39m Adding packages ["io.appium.settings","io.appium.uiautomator2.server","io.appium.uiautomator2.server.test"] to Doze whitelist
[35m[UiAutomator2][39m Starting UIAutomator2 server 4.27.0
[35m[UiAutomator2][39m Using UIAutomator2 server from 'C:\Users\User\AppData\Roaming\npm\node_modules\appium\node_modules\appium-uiautomator2-server\apks\appium-uiautomator2-server-v4.27.0.apk' and test from 'C:\Users\User\AppData\Roaming\npm\node_modules\appium\node_modules\appium-uiautomator2-server\apks\appium-uiautomator2-server-debug-androidTest.apk'
[35m[UiAutomator2][39m Waiting up to 30000ms for UiAutomator2 to be online...
[35m[WD Proxy][39m socket hang up
[35m[WD Proxy][39m socket hang up
[35m[WD Proxy][39m socket hang up
[35m[WD Proxy][39m Determined the downstream protocol as 'W3C'
[35m[AndroidDriver][39m Screen already unlocked, doing nothing
[35m[UiAutomator2][39m Starting 'com.android.settings/.Settings and waiting for 'com.android.settings/.Settings'
[35m[Appium][39m New AndroidUiautomator2Driver session created successfully, session 60a2e62e-b724-4573-a9d3-097bb3fa34b0 added to master session list
[35m[HTTP][39m [37m<-- POST /wd/hub/session [39m[32m200[39m [90m14183 ms - 1143[39m
[35m[HTTP][39m [90m[39m
[35m[HTTP][39m [37m-->[39m [37mGET[39m [37m/wd/hub/session/60a2e62e-b724-4573-a9d3-097bb3fa34b0[39m
[35m[HTTP][39m [90m{}[39m
[35m[HTTP][39m [37m<-- GET /wd/hub/session/60a2e62e-b724-4573-a9d3-097bb3fa34b0 [39m[32m200[39m [90m45 ms - 1097[39m
[35m[HTTP][39m [90m[39m
[35m[HTTP][39m [37m-->[39m [37mGET[39m [37m/wd/hub/session/60a2e62e-b724-4573-a9d3-097bb3fa34b0[39m
[35m[HTTP][39m [90m{}[39m
[35m[HTTP][39m [37m<-- GET /wd/hub/session/60a2e62e-b724-4573-a9d3-097bb3fa34b0 [39m[32m200[39m [90m53 ms - 1097[39m
[35m[HTTP][39m [90m[39m
[35m[HTTP][39m [37m-->[39m [37mGET[39m [37m/wd/hub/status[39m
[35m[HTTP][39m [90m{}[39m
[35m[HTTP][39m [37m<-- GET /wd/hub/status [39m[32m200[39m [90m2 ms - 68[39m
[35m[HTTP][39m [90m[39m
[35m[HTTP][39m [37m-->[39m [37mPOST[39m [37m/wd/hub/session/60a2e62e-b724-4573-a9d3-097bb3fa34b0/timeouts[39m
[35m[HTTP][39m [90m{"implicit":60000}[39m
[35m[HTTP][39m [37m<-- POST /wd/hub/session/60a2e62e-b724-4573-a9d3-097bb3fa34b0/timeouts [39m[32m200[39m [90m5 ms - 14[39m
[35m[HTTP][39m [90m[39m
[35m[HTTP][39m [37m-->[39m [37mGET[39m [37m/wd/hub/session/60a2e62e-b724-4573-a9d3-097bb3fa34b0/screenshot[39m
[35m[HTTP][39m [90m{}[39m
[35m[HTTP][39m [37m<-- GET /wd/hub/session/60a2e62e-b724-4573-a9d3-097bb3fa34b0/screenshot [39m[32m200[39m [90m383 ms - 262072[39m
[35m[HTTP][39m [90m[39m
[35m[HTTP][39m [37m-->[39m [37mGET[39m [37m/wd/hub/session/60a2e62e-b724-4573-a9d3-097bb3fa34b0/window/rect[39m
[35m[HTTP][39m [90m{}[39m
[35m[HTTP][39m [37m<-- GET /wd/hub/session/60a2e62e-b724-4573-a9d3-097bb3fa34b0/window/rect [39m[32m200[39m [90m151 ms - 50[39m
[35m[HTTP][39m [90m[39m
[35m[HTTP][39m [37m-->[39m [37mGET[39m [37m/wd/hub/session/60a2e62e-b724-4573-a9d3-097bb3fa34b0/appium/device/system_bars[39m
[35m[HTTP][39m [90m{}[39m
[35m[HTTP][39m [37m<-- GET /wd/hub/session/60a2e62e-b724-4573-a9d3-097bb3fa34b0/appium/device/system_bars [39m[31m500[39m [90m261 ms - 645[39m
[35m[HTTP][39m [90m[39m
[35m[HTTP][39m [37m-->[39m [37mPOST[39m [37m/wd/hub/session/60a2e62e-b724-4573-a9d3-097bb3fa34b0/execute/sync[39m
[35m[HTTP][39m [90m{"script":"mobile:viewportRect","args":[]}[39m
[35m[AndroidDriver][39m Executing native command 'mobile:viewportRect'
[35m[HTTP][39m [37m<-- POST /wd/hub/session/60a2e62e-b724-4573-a9d3-097bb3fa34b0/execute/sync [39m[32m200[39m [90m72 ms - 56[39m
[35m[HTTP][39m [90m[39m
[35m[HTTP][39m [37m-->[39m [37mPOST[39m [37m/wd/hub/session/60a2e62e-b724-4573-a9d3-097bb3fa34b0/appium/device/activate_app[39m
[35m[HTTP][39m [90m{"bundleId":"com.ecwid.ShopAt.HappyDayShopping"}[39m
[35m[HTTP][39m [37m<-- POST /wd/hub/session/60a2e62e-b724-4573-a9d3-097bb3fa34b0/appium/device/activate_app [39m[32m200[39m [90m733 ms - 14[39m
[35m[HTTP][39m [90m[39m
[35m[HTTP][39m [37m-->[39m [37mGET[39m [37m/wd/hub/session/60a2e62e-b724-4573-a9d3-097bb3fa34b0/source[39m
[35m[HTTP][39m [90m{}[39m
[35m[W3C (60a2e62e)][39m Driver proxy active, passing request on via HTTP proxy
[35m[WD Proxy][39m Replacing sessionId aa05fc00-dda7-4277-a2bb-39235d0e9227 with 60a2e62e-b724-4573-a9d3-097bb3fa34b0
[35m[HTTP][39m [37m<-- GET /wd/hub/session/60a2e62e-b724-4573-a9d3-097bb3fa34b0/source [39m[32m200[39m [90m365 ms - 1921[39m
[35m[HTTP][39m [90m[39m
[35m[HTTP][39m [37m-->[39m [37mGET[39m [37m/wd/hub/session/60a2e62e-b724-4573-a9d3-097bb3fa34b0/screenshot[39m
[35m[HTTP][39m [90m{}[39m
[35m[HTTP][39m [37m<-- GET /wd/hub/session/60a2e62e-b724-4573-a9d3-097bb3fa34b0/screenshot [39m[32m200[39m [90m548 ms - 281376[39m
[35m[HTTP][39m [90m[39m
[35m[HTTP][39m [37m-->[39m [37mGET[39m [37m/wd/hub/session/60a2e62e-b724-4573-a9d3-097bb3fa34b0/source[39m
[35m[HTTP][39m [90m{}[39m
[35m[W3C (60a2e62e)][39m Driver proxy active, passing request on via HTTP proxy
[35m[WD Proxy][39m Replacing sessionId aa05fc00-dda7-4277-a2bb-39235d0e9227 with 60a2e62e-b724-4573-a9d3-097bb3fa34b0
[35m[HTTP][39m [37m<-- GET /wd/hub/session/60a2e62e-b724-4573-a9d3-097bb3fa34b0/source [39m[32m200[39m [90m362 ms - 49754[39m
[35m[HTTP][39m [90m[39m
[35m[HTTP][39m [37m-->[39m [37mGET[39m [37m/wd/hub/session/60a2e62e-b724-4573-a9d3-097bb3fa34b0/screenshot[39m
[35m[HTTP][39m [90m{}[39m
[35m[HTTP][39m [37m<-- GET /wd/hub/session/60a2e62e-b724-4573-a9d3-097bb3fa34b0/screenshot [39m[32m200[39m [90m1265 ms - 2042286[39m
[35m[HTTP][39m [90m[39m
[35m[HTTP][39m [37m-->[39m [37mPOST[39m [37m/wd/hub/session/60a2e62e-b724-4573-a9d3-097bb3fa34b0/elements[39m
[35m[HTTP][39m [90m{"using":"xpath","value":"//*[@class = 'android.widget.ImageView' and (@text = '' or . = '')]"}[39m
[35m[HTTP][39m [37m<-- POST /wd/hub/session/60a2e62e-b724-4573-a9d3-097bb3fa34b0/elements [39m[32m200[39m [90m591 ms - 2827[39m
[35m[HTTP][39m [90m[39m
[35m[HTTP][39m [37m-->[39m [37mPOST[39m [37m/wd/hub/session/60a2e62e-b724-4573-a9d3-097bb3fa34b0/elements[39m
[35m[HTTP][39m [90m{"using":"-android uiautomator","value":"new UiSelector().className(\"android.widget.ImageView\")"}[39m
[35m[HTTP][39m [37m<-- POST /wd/hub/session/60a2e62e-b724-4573-a9d3-097bb3fa34b0/elements [39m[32m200[39m [90m1265 ms - 2827[39m
[35m[HTTP][39m [90m[39m
[35m[HTTP][39m [37m-->[39m [37mGET[39m [37m/wd/hub/session/60a2e62e-b724-4573-a9d3-097bb3fa34b0/window/rect[39m
[35m[HTTP][39m [90m{}[39m
[35m[HTTP][39m [37m<-- GET /wd/hub/session/60a2e62e-b724-4573-a9d3-097bb3fa34b0/window/rect [39m[32m200[39m [90m24 ms - 50[39m
[35m[HTTP][39m [90m[39m
[35m[HTTP][39m [37m-->[39m [37mPOST[39m [37m/wd/hub/session/60a2e62e-b724-4573-a9d3-097bb3fa34b0/elements[39m
[35m[HTTP][39m [90m{"using":"xpath","value":"//hierarchy/android.widget.FrameLayout[1]/android.widget.LinearLayout[1]/android.widget.FrameLayout[1]/android.widget.LinearLayout[1]/android.widget.FrameLayout[1]/android.widget.FrameLayout[1]/android.view.ViewGroup[1]/android.view.ViewGroup[2]/android.view.ViewGroup[2]/android.view.ViewGroup[5]/android.widget.ImageView[1]"}[39m
[35m[HTTP][39m [37m<-- POST /wd/hub/session/60a2e62e-b724-4573-a9d3-097bb3fa34b0/elements [39m[32m200[39m [90m303 ms - 139[39m
[35m[HTTP][39m [90m[39m
[35m[HTTP][39m [37m-->[39m [37mGET[39m [37m/wd/hub/session/60a2e62e-b724-4573-a9d3-097bb3fa34b0/element/00000000-0000-00d6-ffff-ffff0000006e/location[39m
[35m[HTTP][39m [90m{}[39m
[35m[W3C (60a2e62e)][39m Driver proxy active, passing request on via HTTP proxy
[35m[WD Proxy][39m Replacing sessionId aa05fc00-dda7-4277-a2bb-39235d0e9227 with 60a2e62e-b724-4573-a9d3-097bb3fa34b0
[35m[HTTP][39m [37m<-- GET /wd/hub/session/60a2e62e-b724-4573-a9d3-097bb3fa34b0/element/00000000-0000-00d6-ffff-ffff0000006e/location [39m[32m200[39m [90m30 ms - 79[39m
[35m[HTTP][39m [90m[39m
[35m[HTTP][39m [37m-->[39m [37mPOST[39m [37m/wd/hub/session/60a2e62e-b724-4573-a9d3-097bb3fa34b0/elements[39m
[35m[HTTP][39m [90m{"using":"xpath","value":"//hierarchy/android.widget.FrameLayout[1]/android.widget.LinearLayout[1]/android.widget.FrameLayout[1]/android.widget.LinearLayout[1]/android.widget.FrameLayout[1]/android.widget.FrameLayout[1]/android.view.ViewGroup[1]/android.view.ViewGroup[2]/android.view.ViewGroup[2]/android.view.ViewGroup[5]/android.widget.ImageView[1]"}[39m
[35m[HTTP][39m [37m<-- POST /wd/hub/session/60a2e62e-b724-4573-a9d3-097bb3fa34b0/elements [39m[32m200[39m [90m237 ms - 139[39m
[35m[HTTP][39m [90m[39m
[35m[HTTP][39m [37m-->[39m [37mGET[39m [37m/wd/hub/session/60a2e62e-b724-4573-a9d3-097bb3fa34b0/element/00000000-0000-00d6-ffff-ffff0000006e/location[39m
[35m[HTTP][39m [90m{}[39m
[35m[W3C (60a2e62e)][39m Driver proxy active, passing request on via HTTP proxy
[35m[WD Proxy][39m Replacing sessionId aa05fc00-dda7-4277-a2bb-39235d0e9227 with 60a2e62e-b724-4573-a9d3-097bb3fa34b0
[35m[HTTP][39m [37m<-- GET /wd/hub/session/60a2e62e-b724-4573-a9d3-097bb3fa34b0/element/00000000-0000-00d6-ffff-ffff0000006e/location [39m[32m200[39m [90m35 ms - 79[39m
[35m[HTTP][39m [90m[39m
[35m[HTTP][39m [37m-->[39m [37mPOST[39m [37m/wd/hub/session/60a2e62e-b724-4573-a9d3-097bb3fa34b0/elements[39m
[35m[HTTP][39m [90m{"using":"xpath","value":"//hierarchy/android.widget.FrameLayout[1]/android.widget.LinearLayout[1]/android.widget.FrameLayout[1]/android.widget.LinearLayout[1]/android.widget.FrameLayout[1]/android.widget.FrameLayout[1]/android.view.ViewGroup[1]/android.view.ViewGroup[2]/android.view.ViewGroup[2]/android.view.ViewGroup[5]/android.widget.ImageView[1]"}[39m
[35m[HTTP][39m [37m<-- POST /wd/hub/session/60a2e62e-b724-4573-a9d3-097bb3fa34b0/elements [39m[32m200[39m [90m235 ms - 139[39m
[35m[HTTP][39m [90m[39m
[35m[HTTP][39m [37m-->[39m [37mGET[39m [37m/wd/hub/session/60a2e62e-b724-4573-a9d3-097bb3fa34b0/element/00000000-0000-00d6-ffff-ffff0000006e/location[39m
[35m[HTTP][39m [90m{}[39m
[35m[W3C (60a2e62e)][39m Driver proxy active, passing request on via HTTP proxy
[35m[WD Proxy][39m Replacing sessionId aa05fc00-dda7-4277-a2bb-39235d0e9227 with 60a2e62e-b724-4573-a9d3-097bb3fa34b0
[35m[HTTP][39m [37m<-- GET /wd/hub/session/60a2e62e-b724-4573-a9d3-097bb3fa34b0/element/00000000-0000-00d6-ffff-ffff0000006e/location [39m[32m200[39m [90m30 ms - 79[39m
[35m[HTTP][39m [90m[39m
[35m[HTTP][39m [37m-->[39m [37mPOST[39m [37m/wd/hub/session/60a2e62e-b724-4573-a9d3-097bb3fa34b0/elements[39m
[35m[HTTP][39m [90m{"using":"xpath","value":"//hierarchy/android.widget.FrameLayout[1]/android.widget.LinearLayout[1]/android.widget.FrameLayout[1]/android.widget.LinearLayout[1]/android.widget.FrameLayout[1]/android.widget.FrameLayout[1]/android.view.ViewGroup[1]/android.view.ViewGroup[2]/android.view.ViewGroup[2]/android.view.ViewGroup[5]/android.widget.ImageView[1]"}[39m
[35m[HTTP][39m [37m<-- POST /wd/hub/session/60a2e62e-b724-4573-a9d3-097bb3fa34b0/elements [39m[32m200[39m [90m211 ms - 139[39m
[35m[HTTP][39m [90m[39m
[35m[HTTP][39m [37m-->[39m [37mGET[39m [37m/wd/hub/session/60a2e62e-b724-4573-a9d3-097bb3fa34b0/element/00000000-0000-00d6-ffff-ffff0000006e/location[39m
[35m[HTTP][39m [90m{}[39m
[35m[W3C (60a2e62e)][39m Driver proxy active, passing request on via HTTP proxy
[35m[WD Proxy][39m Replacing sessionId aa05fc00-dda7-4277-a2bb-39235d0e9227 with 60a2e62e-b724-4573-a9d3-097bb3fa34b0
[35m[HTTP][39m [37m<-- GET /wd/hub/session/60a2e62e-b724-4573-a9d3-097bb3fa34b0/element/00000000-0000-00d6-ffff-ffff0000006e/location [39m[32m200[39m [90m27 ms - 79[39m
[35m[HTTP][39m [90m[39m
[35m[HTTP][39m [37m-->[39m [37mPOST[39m [37m/wd/hub/session/60a2e62e-b724-4573-a9d3-097bb3fa34b0/elements[39m
[35m[HTTP][39m [90m{"using":"xpath","value":"//hierarchy/android.widget.FrameLayout[1]/android.widget.LinearLayout[1]/android.widget.FrameLayout[1]/android.widget.LinearLayout[1]/android.widget.FrameLayout[1]/android.widget.FrameLayout[1]/android.view.ViewGroup[1]/android.view.ViewGroup[2]/android.view.ViewGroup[2]/android.view.ViewGroup[5]/android.widget.ImageView[1]"}[39m
[35m[HTTP][39m [37m<-- POST /wd/hub/session/60a2e62e-b724-4573-a9d3-097bb3fa34b0/elements [39m[32m200[39m [90m211 ms - 139[39m
[35m[HTTP][39m [90m[39m
[35m[HTTP][39m [37m-->[39m [37mGET[39m [37m/wd/hub/session/60a2e62e-b724-4573-a9d3-097bb3fa34b0/element/00000000-0000-00d6-ffff-ffff0000006e/location[39m
[35m[HTTP][39m [90m{}[39m
[35m[W3C (60a2e62e)][39m Driver proxy active, passing request on via HTTP proxy
[35m[WD Proxy][39m Replacing sessionId aa05fc00-dda7-4277-a2bb-39235d0e9227 with 60a2e62e-b724-4573-a9d3-097bb3fa34b0
[35m[HTTP][39m [37m<-- GET /wd/hub/session/60a2e62e-b724-4573-a9d3-097bb3fa34b0/element/00000000-0000-00d6-ffff-ffff0000006e/location [39m[32m200[39m [90m29 ms - 79[39m
[35m[HTTP][39m [90m[39m
[35m[HTTP][39m [37m-->[39m [37mPOST[39m [37m/wd/hub/session/60a2e62e-b724-4573-a9d3-097bb3fa34b0/elements[39m
[35m[HTTP][39m [90m{"using":"xpath","value":"//hierarchy/android.widget.FrameLayout[1]/android.widget.LinearLayout[1]/android.widget.FrameLayout[1]/android.widget.LinearLayout[1]/android.widget.FrameLayout[1]/android.widget.FrameLayout[1]/android.view.ViewGroup[1]/android.view.ViewGroup[2]/android.view.ViewGroup[2]/android.view.ViewGroup[5]/android.widget.ImageView[1]"}[39m
[35m[HTTP][39m [37m<-- POST /wd/hub/session/60a2e62e-b724-4573-a9d3-097bb3fa34b0/elements [39m[32m200[39m [90m244 ms - 139[39m
[35m[HTTP][39m [90m[39m
[35m[HTTP][39m [37m-->[39m [37mGET[39m [37m/wd/hub/session/60a2e62e-b724-4573-a9d3-097bb3fa34b0/element/00000000-0000-00d6-ffff-ffff0000006e/location[39m
[35m[HTTP][39m [90m{}[39m
[35m[W3C (60a2e62e)][39m Driver proxy active, passing request on via HTTP proxy
[35m[WD Proxy][39m Replacing sessionId aa05fc00-dda7-4277-a2bb-39235d0e9227 with 60a2e62e-b724-4573-a9d3-097bb3fa34b0
[35m[HTTP][39m [37m<-- GET /wd/hub/session/60a2e62e-b724-4573-a9d3-097bb3fa34b0/element/00000000-0000-00d6-ffff-ffff0000006e/location [39m[32m200[39m [90m26 ms - 79[39m
[35m[HTTP][39m [90m[39m
[35m[HTTP][39m [37m-->[39m [37mPOST[39m [37m/wd/hub/session/60a2e62e-b724-4573-a9d3-097bb3fa34b0/elements[39m
[35m[HTTP][39m [90m{"using":"xpath","value":"//hierarchy/android.widget.FrameLayout[1]/android.widget.LinearLayout[1]/android.widget.FrameLayout[1]/android.widget.LinearLayout[1]/android.widget.FrameLayout[1]/android.widget.FrameLayout[1]/android.view.ViewGroup[1]/android.view.ViewGroup[2]/android.view.ViewGroup[2]/android.view.ViewGroup[5]/android.widget.ImageView[1]"}[39m
[35m[HTTP][39m [37m<-- POST /wd/hub/session/60a2e62e-b724-4573-a9d3-097bb3fa34b0/elements [39m[32m200[39m [90m237 ms - 139[39m
[35m[HTTP][39m [90m[39m
[35m[HTTP][39m [37m-->[39m [37mGET[39m [37m/wd/hub/session/60a2e62e-b724-4573-a9d3-097bb3fa34b0/element/00000000-0000-00d6-ffff-ffff0000006e/location[39m
[35m[HTTP][39m [90m{}[39m
[35m[W3C (60a2e62e)][39m Driver proxy active, passing request on via HTTP proxy
[35m[WD Proxy][39m Replacing sessionId aa05fc00-dda7-4277-a2bb-39235d0e9227 with 60a2e62e-b724-4573-a9d3-097bb3fa34b0
[35m[HTTP][39m [37m<-- GET /wd/hub/session/60a2e62e-b724-4573-a9d3-097bb3fa34b0/element/00000000-0000-00d6-ffff-ffff0000006e/location [39m[32m200[39m [90m26 ms - 79[39m
[35m[HTTP][39m [90m[39m
[35m[HTTP][39m [37m-->[39m [37mPOST[39m [37m/wd/hub/session/60a2e62e-b724-4573-a9d3-097bb3fa34b0/elements[39m
[35m[HTTP][39m [90m{"using":"xpath","value":"//hierarchy/android.widget.FrameLayout[1]/android.widget.LinearLayout[1]/android.widget.FrameLayout[1]/android.widget.LinearLayout[1]/android.widget.FrameLayout[1]/android.widget.FrameLayout[1]/android.view.ViewGroup[1]/android.view.ViewGroup[2]/android.view.ViewGroup[2]/android.view.ViewGroup[5]/android.widget.ImageView[1]"}[39m
[35m[HTTP][39m [37m<-- POST /wd/hub/session/60a2e62e-b724-4573-a9d3-097bb3fa34b0/elements [39m[32m200[39m [90m226 ms - 139[39m
[35m[HTTP][39m [90m[39m
[35m[HTTP][39m [37m-->[39m [37mGET[39m [37m/wd/hub/session/60a2e62e-b724-4573-a9d3-097bb3fa34b0/element/00000000-0000-00d6-ffff-ffff0000006e/location[39m
[35m[HTTP][39m [90m{}[39m
[35m[W3C (60a2e62e)][39m Driver proxy active, passing request on via HTTP proxy
[35m[WD Proxy][39m Replacing sessionId aa05fc00-dda7-4277-a2bb-39235d0e9227 with 60a2e62e-b724-4573-a9d3-097bb3fa34b0
[35m[HTTP][39m [37m<-- GET /wd/hub/session/60a2e62e-b724-4573-a9d3-097bb3fa34b0/element/00000000-0000-00d6-ffff-ffff0000006e/location [39m[32m200[39m [90m28 ms - 79[39m
[35m[HTTP][39m [90m[39m
[35m[HTTP][39m [37m-->[39m [37mPOST[39m [37m/wd/hub/session/60a2e62e-b724-4573-a9d3-097bb3fa34b0/elements[39m
[35m[HTTP][39m [90m{"using":"xpath","value":"//hierarchy/android.widget.FrameLayout[1]/android.widget.LinearLayout[1]/android.widget.FrameLayout[1]/android.widget.LinearLayout[1]/android.widget.FrameLayout[1]/android.widget.FrameLayout[1]/android.view.ViewGroup[1]/android.view.ViewGroup[2]/android.view.ViewGroup[2]/android.view.ViewGroup[5]/android.widget.ImageView[1]"}[39m
[35m[HTTP][39m [37m<-- POST /wd/hub/session/60a2e62e-b724-4573-a9d3-097bb3fa34b0/elements [39m[32m200[39m [90m194 ms - 139[39m
[35m[HTTP][39m [90m[39m
[35m[HTTP][39m [37m-->[39m [37mGET[39m [37m/wd/hub/session/60a2e62e-b724-4573-a9d3-097bb3fa34b0/element/00000000-0000-00d6-ffff-ffff0000006e/location[39m
[35m[HTTP][39m [90m{}[39m
[35m[W3C (60a2e62e)][39m Driver proxy active, passing request on via HTTP proxy
[35m[WD Proxy][39m Replacing sessionId aa05fc00-dda7-4277-a2bb-39235d0e9227 with 60a2e62e-b724-4573-a9d3-097bb3fa34b0
[35m[HTTP][39m [37m<-- GET /wd/hub/session/60a2e62e-b724-4573-a9d3-097bb3fa34b0/element/00000000-0000-00d6-ffff-ffff0000006e/location [39m[32m200[39m [90m30 ms - 79[39m
[35m[HTTP][39m [90m[39m
[35m[HTTP][39m [37m-->[39m [37mPOST[39m [37m/wd/hub/session/60a2e62e-b724-4573-a9d3-097bb3fa34b0/elements[39m
[35m[HTTP][39m [90m{"using":"xpath","value":"//hierarchy/android.widget.FrameLayout[1]/android.widget.LinearLayout[1]/android.widget.FrameLayout[1]/android.widget.LinearLayout[1]/android.widget.FrameLayout[1]/android.widget.FrameLayout[1]/android.view.ViewGroup[1]/android.view.ViewGroup[2]/android.view.ViewGroup[2]/android.view.ViewGroup[5]/android.widget.ImageView[1]"}[39m
[35m[HTTP][39m [37m<-- POST /wd/hub/session/60a2e62e-b724-4573-a9d3-097bb3fa34b0/elements [39m[32m200[39m [90m214 ms - 139[39m
[35m[HTTP][39m [90m[39m
[35m[HTTP][39m [37m-->[39m [37mGET[39m [37m/wd/hub/session/60a2e62e-b724-4573-a9d3-097bb3fa34b0/element/00000000-0000-00d6-ffff-ffff0000006e/location[39m
[35m[HTTP][39m [90m{}[39m
[35m[W3C (60a2e62e)][39m Driver proxy active, passing request on via HTTP proxy
[35m[WD Proxy][39m Replacing sessionId aa05fc00-dda7-4277-a2bb-39235d0e9227 with 60a2e62e-b724-4573-a9d3-097bb3fa34b0
[35m[HTTP][39m [37m<-- GET /wd/hub/session/60a2e62e-b724-4573-a9d3-097bb3fa34b0/element/00000000-0000-00d6-ffff-ffff0000006e/location [39m[32m200[39m [90m29 ms - 79[39m
[35m[HTTP][39m [90m[39m
[35m[HTTP][39m [37m-->[39m [37mPOST[39m [37m/wd/hub/session/60a2e62e-b724-4573-a9d3-097bb3fa34b0/elements[39m
[35m[HTTP][39m [90m{"using":"xpath","value":"//hierarchy/android.widget.FrameLayout[1]/android.widget.LinearLayout[1]/android.widget.FrameLayout[1]/android.widget.LinearLayout[1]/android.widget.FrameLayout[1]/android.widget.FrameLayout[1]/android.view.ViewGroup[1]/android.view.ViewGroup[2]/android.view.ViewGroup[2]/android.view.ViewGroup[5]/android.widget.ImageView[1]"}[39m
[35m[HTTP][39m [37m<-- POST /wd/hub/session/60a2e62e-b724-4573-a9d3-097bb3fa34b0/elements [39m[32m200[39m [90m203 ms - 139[39m
[35m[HTTP][39m [90m[39m
[35m[HTTP][39m [37m-->[39m [37mGET[39m [37m/wd/hub/session/60a2e62e-b724-4573-a9d3-097bb3fa34b0/element/00000000-0000-00d6-ffff-ffff0000006e/location[39m
[35m[HTTP][39m [90m{}[39m
[35m[W3C (60a2e62e)][39m Driver proxy active, passing request on via HTTP proxy
[35m[WD Proxy][39m Replacing sessionId aa05fc00-dda7-4277-a2bb-39235d0e9227 with 60a2e62e-b724-4573-a9d3-097bb3fa34b0
[35m[HTTP][39m [37m<-- GET /wd/hub/session/60a2e62e-b724-4573-a9d3-097bb3fa34b0/element/00000000-0000-00d6-ffff-ffff0000006e/location [39m[32m200[39m [90m26 ms - 79[39m
[35m[HTTP][39m [90m[39m
[35m[HTTP][39m [37m-->[39m [37mPOST[39m [37m/wd/hub/session/60a2e62e-b724-4573-a9d3-097bb3fa34b0/elements[39m
[35m[HTTP][39m [90m{"using":"xpath","value":"//hierarchy/android.widget.FrameLayout[1]/android.widget.LinearLayout[1]/android.widget.FrameLayout[1]/android.widget.LinearLayout[1]/android.widget.FrameLayout[1]/android.widget.FrameLayout[1]/android.view.ViewGroup[1]/android.view.ViewGroup[2]/android.view.ViewGroup[2]/android.view.ViewGroup[5]/android.widget.ImageView[1]"}[39m
[35m[HTTP][39m [37m<-- POST /wd/hub/session/60a2e62e-b724-4573-a9d3-097bb3fa34b0/elements [39m[32m200[39m [90m204 ms - 139[39m
[35m[HTTP][39m [90m[39m
[35m[HTTP][39m [37m-->[39m [37mGET[39m [37m/wd/hub/session/60a2e62e-b724-4573-a9d3-097bb3fa34b0/element/00000000-0000-00d6-ffff-ffff0000006e/location[39m
[35m[HTTP][39m [90m{}[39m
[35m[W3C (60a2e62e)][39m Driver proxy active, passing request on via HTTP proxy
[35m[WD Proxy][39m Replacing sessionId aa05fc00-dda7-4277-a2bb-39235d0e9227 with 60a2e62e-b724-4573-a9d3-097bb3fa34b0
[35m[HTTP][39m [37m<-- GET /wd/hub/session/60a2e62e-b724-4573-a9d3-097bb3fa34b0/element/00000000-0000-00d6-ffff-ffff0000006e/location [39m[32m200[39m [90m34 ms - 79[39m
[35m[HTTP][39m [90m[39m
[35m[HTTP][39m [37m-->[39m [37mPOST[39m [37m/wd/hub/session/60a2e62e-b724-4573-a9d3-097bb3fa34b0/elements[39m
[35m[HTTP][39m [90m{"using":"xpath","value":"//hierarchy/android.widget.FrameLayout[1]/android.widget.LinearLayout[1]/android.widget.FrameLayout[1]/android.widget.LinearLayout[1]/android.widget.FrameLayout[1]/android.widget.FrameLayout[1]/android.view.ViewGroup[1]/android.view.ViewGroup[2]/android.view.ViewGroup[2]/android.view.ViewGroup[5]/android.widget.ImageView[1]"}[39m
[35m[HTTP][39m [37m<-- POST /wd/hub/session/60a2e62e-b724-4573-a9d3-097bb3fa34b0/elements [39m[32m200[39m [90m206 ms - 139[39m
[35m[HTTP][39m [90m[39m
[35m[HTTP][39m [37m-->[39m [37mGET[39m [37m/wd/hub/session/60a2e62e-b724-4573-a9d3-097bb3fa34b0/element/00000000-0000-00d6-ffff-ffff0000006e/location[39m
[35m[HTTP][39m [90m{}[39m
[35m[W3C (60a2e62e)][39m Driver proxy active, passing request on via HTTP proxy
[35m[WD Proxy][39m Replacing sessionId aa05fc00-dda7-4277-a2bb-39235d0e9227 with 60a2e62e-b724-4573-a9d3-097bb3fa34b0
[35m[HTTP][39m [37m<-- GET /wd/hub/session/60a2e62e-b724-4573-a9d3-097bb3fa34b0/element/00000000-0000-00d6-ffff-ffff0000006e/location [39m[32m200[39m [90m30 ms - 79[39m
[35m[HTTP][39m [90m[39m
[35m[HTTP][39m [37m-->[39m [37mPOST[39m [37m/wd/hub/session/60a2e62e-b724-4573-a9d3-097bb3fa34b0/elements[39m
[35m[HTTP][39m [90m{"using":"xpath","value":"//hierarchy/android.widget.FrameLayout[1]/android.widget.LinearLayout[1]/android.widget.FrameLayout[1]/android.widget.LinearLayout[1]/android.widget.FrameLayout[1]/android.widget.FrameLayout[1]/android.view.ViewGroup[1]/android.view.ViewGroup[2]/android.view.ViewGroup[2]/android.view.ViewGroup[5]/android.widget.ImageView[1]"}[39m
[35m[HTTP][39m [37m<-- POST /wd/hub/session/60a2e62e-b724-4573-a9d3-097bb3fa34b0/elements [39m[32m200[39m [90m230 ms - 139[39m
[35m[HTTP][39m [90m[39m
[35m[HTTP][39m [37m-->[39m [37mGET[39m [37m/wd/hub/session/60a2e62e-b724-4573-a9d3-097bb3fa34b0/element/00000000-0000-00d6-ffff-ffff0000006e/location[39m
[35m[HTTP][39m [90m{}[39m
[35m[W3C (60a2e62e)][39m Driver proxy active, passing request on via HTTP proxy
[35m[WD Proxy][39m Replacing sessionId aa05fc00-dda7-4277-a2bb-39235d0e9227 with 60a2e62e-b724-4573-a9d3-097bb3fa34b0
[35m[HTTP][39m [37m<-- GET /wd/hub/session/60a2e62e-b724-4573-a9d3-097bb3fa34b0/element/00000000-0000-00d6-ffff-ffff0000006e/location [39m[32m200[39m [90m32 ms - 79[39m
[35m[HTTP][39m [90m[39m
[35m[HTTP][39m [37m-->[39m [37mPOST[39m [37m/wd/hub/session/60a2e62e-b724-4573-a9d3-097bb3fa34b0/elements[39m
[35m[HTTP][39m [90m{"using":"xpath","value":"//hierarchy/android.widget.FrameLayout[1]/android.widget.LinearLayout[1]/android.widget.FrameLayout[1]/android.widget.LinearLayout[1]/android.widget.FrameLayout[1]/android.widget.FrameLayout[1]/android.view.ViewGroup[1]/android.view.ViewGroup[2]/android.view.ViewGroup[2]/android.view.ViewGroup[5]/android.widget.ImageView[1]"}[39m
[35m[HTTP][39m [37m<-- POST /wd/hub/session/60a2e62e-b724-4573-a9d3-097bb3fa34b0/elements [39m[32m200[39m [90m227 ms - 139[39m
[35m[HTTP][39m [90m[39m
[35m[HTTP][39m [37m-->[39m [37mGET[39m [37m/wd/hub/session/60a2e62e-b724-4573-a9d3-097bb3fa34b0/element/00000000-0000-00d6-ffff-ffff0000006e/location[39m
[35m[HTTP][39m [90m{}[39m
[35m[W3C (60a2e62e)][39m Driver proxy active, passing request on via HTTP proxy
[35m[WD Proxy][39m Replacing sessionId aa05fc00-dda7-4277-a2bb-39235d0e9227 with 60a2e62e-b724-4573-a9d3-097bb3fa34b0
[35m[HTTP][39m [37m<-- GET /wd/hub/session/60a2e62e-b724-4573-a9d3-097bb3fa34b0/element/00000000-0000-00d6-ffff-ffff0000006e/location [39m[32m200[39m [90m26 ms - 79[39m
[35m[HTTP][39m [90m[39m
[35m[HTTP][39m [37m-->[39m [37mPOST[39m [37m/wd/hub/session/60a2e62e-b724-4573-a9d3-097bb3fa34b0/elements[39m
[35m[HTTP][39m [90m{"using":"xpath","value":"//hierarchy/android.widget.FrameLayout[1]/android.widget.LinearLayout[1]/android.widget.FrameLayout[1]/android.widget.LinearLayout[1]/android.widget.FrameLayout[1]/android.widget.FrameLayout[1]/android.view.ViewGroup[1]/android.view.ViewGroup[2]/android.view.ViewGroup[2]/android.view.ViewGroup[5]/android.widget.ImageView[1]"}[39m
[35m[HTTP][39m [37m<-- POST /wd/hub/session/60a2e62e-b724-4573-a9d3-097bb3fa34b0/elements [39m[32m200[39m [90m217 ms - 139[39m
[35m[HTTP][39m [90m[39m
[35m[HTTP][39m [37m-->[39m [37mGET[39m [37m/wd/hub/session/60a2e62e-b724-4573-a9d3-097bb3fa34b0/element/00000000-0000-00d6-ffff-ffff0000006e/location[39m
[35m[HTTP][39m [90m{}[39m
[35m[W3C (60a2e62e)][39m Driver proxy active, passing request on via HTTP proxy
[35m[WD Proxy][39m Replacing sessionId aa05fc00-dda7-4277-a2bb-39235d0e9227 with 60a2e62e-b724-4573-a9d3-097bb3fa34b0
[35m[HTTP][39m [37m<-- GET /wd/hub/session/60a2e62e-b724-4573-a9d3-097bb3fa34b0/element/00000000-0000-00d6-ffff-ffff0000006e/location [39m[32m200[39m [90m32 ms - 79[39m
[35m[HTTP][39m [90m[39m
[35m[HTTP][39m [37m-->[39m [37mPOST[39m [37m/wd/hub/session/60a2e62e-b724-4573-a9d3-097bb3fa34b0/elements[39m
[35m[HTTP][39m [90m{"using":"xpath","value":"//hierarchy/android.widget.FrameLayout[1]/android.widget.LinearLayout[1]/android.widget.FrameLayout[1]/android.widget.LinearLayout[1]/android.widget.FrameLayout[1]/android.widget.FrameLayout[1]/android.view.ViewGroup[1]/android.view.ViewGroup[2]/android.view.ViewGroup[2]/android.view.ViewGroup[5]/android.widget.ImageView[1]"}[39m
[35m[HTTP][39m [37m<-- POST /wd/hub/session/60a2e62e-b724-4573-a9d3-097bb3fa34b0/elements [39m[32m200[39m [90m221 ms - 139[39m
[35m[HTTP][39m [90m[39m
[35m[HTTP][39m [37m-->[39m [37mGET[39m [37m/wd/hub/session/60a2e62e-b724-4573-a9d3-097bb3fa34b0/element/00000000-0000-00d6-ffff-ffff0000006e/location[39m
[35m[HTTP][39m [90m{}[39m
[35m[W3C (60a2e62e)][39m Driver proxy active, passing request on via HTTP proxy
[35m[WD Proxy][39m Replacing sessionId aa05fc00-dda7-4277-a2bb-39235d0e9227 with 60a2e62e-b724-4573-a9d3-097bb3fa34b0
[35m[HTTP][39m [37m<-- GET /wd/hub/session/60a2e62e-b724-4573-a9d3-097bb3fa34b0/element/00000000-0000-00d6-ffff-ffff0000006e/location [39m[32m200[39m [90m33 ms - 79[39m
[35m[HTTP][39m [90m[39m
[35m[HTTP][39m [37m-->[39m [37mPOST[39m [37m/wd/hub/session/60a2e62e-b724-4573-a9d3-097bb3fa34b0/elements[39m
[35m[HTTP][39m [90m{"using":"xpath","value":"//hierarchy/android.widget.FrameLayout[1]/android.widget.LinearLayout[1]/android.widget.FrameLayout[1]/android.widget.LinearLayout[1]/android.widget.FrameLayout[1]/android.widget.FrameLayout[1]/android.view.ViewGroup[1]/android.view.ViewGroup[2]/android.view.ViewGroup[2]/android.view.ViewGroup[5]/android.widget.ImageView[1]"}[39m
[35m[HTTP][39m [37m<-- POST /wd/hub/session/60a2e62e-b724-4573-a9d3-097bb3fa34b0/elements [39m[32m200[39m [90m218 ms - 139[39m
[35m[HTTP][39m [90m[39m
[35m[HTTP][39m [37m-->[39m [37mGET[39m [37m/wd/hub/session/60a2e62e-b724-4573-a9d3-097bb3fa34b0/element/00000000-0000-00d6-ffff-ffff0000006e/location[39m
[35m[HTTP][39m [90m{}[39m
[35m[W3C (60a2e62e)][39m Driver proxy active, passing request on via HTTP proxy
[35m[WD Proxy][39m Replacing sessionId aa05fc00-dda7-4277-a2bb-39235d0e9227 with 60a2e62e-b724-4573-a9d3-097bb3fa34b0
[35m[HTTP][39m [37m<-- GET /wd/hub/session/60a2e62e-b724-4573-a9d3-097bb3fa34b0/element/00000000-0000-00d6-ffff-ffff0000006e/location [39m[32m200[39m [90m28 ms - 79[39m
[35m[HTTP][39m [90m[39m
[35m[HTTP][39m [37m-->[39m [37mPOST[39m [37m/wd/hub/session/60a2e62e-b724-4573-a9d3-097bb3fa34b0/elements[39m
[35m[HTTP][39m [90m{"using":"xpath","value":"//hierarchy/android.widget.FrameLayout[1]/android.widget.LinearLayout[1]/android.widget.FrameLayout[1]/android.widget.LinearLayout[1]/android.widget.FrameLayout[1]/android.widget.FrameLayout[1]/android.view.ViewGroup[1]/android.view.ViewGroup[2]/android.view.ViewGroup[2]/android.view.ViewGroup[5]/android.widget.ImageView[1]"}[39m
[35m[HTTP][39m [37m<-- POST /wd/hub/session/60a2e62e-b724-4573-a9d3-097bb3fa34b0/elements [39m[32m200[39m [90m193 ms - 139[39m
[35m[HTTP][39m [90m[39m
[35m[HTTP][39m [37m-->[39m [37mGET[39m [37m/wd/hub/session/60a2e62e-b724-4573-a9d3-097bb3fa34b0/element/00000000-0000-00d6-ffff-ffff0000006e/location[39m
[35m[HTTP][39m [90m{}[39m
[35m[W3C (60a2e62e)][39m Driver proxy active, passing request on via HTTP proxy
[35m[WD Proxy][39m Replacing sessionId aa05fc00-dda7-4277-a2bb-39235d0e9227 with 60a2e62e-b724-4573-a9d3-097bb3fa34b0
[35m[HTTP][39m [37m<-- GET /wd/hub/session/60a2e62e-b724-4573-a9d3-097bb3fa34b0/element/00000000-0000-00d6-ffff-ffff0000006e/location [39m[32m200[39m [90m553 ms - 79[39m
[35m[HTTP][39m [90m[39m
[35m[HTTP][39m [37m-->[39m [37mPOST[39m [37m/wd/hub/session/60a2e62e-b724-4573-a9d3-097bb3fa34b0/elements[39m
[35m[HTTP][39m [90m{"using":"xpath","value":"//hierarchy/android.widget.FrameLayout[1]/android.widget.LinearLayout[1]/android.widget.FrameLayout[1]/android.widget.LinearLayout[1]/android.widget.FrameLayout[1]/android.widget.FrameLayout[1]/android.view.ViewGroup[1]/android.view.ViewGroup[2]/android.view.ViewGroup[2]/android.view.ViewGroup[5]/android.widget.ImageView[1]"}[39m
[35m[HTTP][39m [37m<-- POST /wd/hub/session/60a2e62e-b724-4573-a9d3-097bb3fa34b0/elements [39m[32m200[39m [90m186 ms - 139[39m
[35m[HTTP][39m [90m[39m
[35m[HTTP][39m [37m-->[39m [37mGET[39m [37m/wd/hub/session/60a2e62e-b724-4573-a9d3-097bb3fa34b0/element/00000000-0000-00d6-ffff-ffff0000006e/location[39m
[35m[HTTP][39m [90m{}[39m
[35m[W3C (60a2e62e)][39m Driver proxy active, passing request on via HTTP proxy
[35m[WD Proxy][39m Replacing sessionId aa05fc00-dda7-4277-a2bb-39235d0e9227 with 60a2e62e-b724-4573-a9d3-097bb3fa34b0
[35m[HTTP][39m [37m<-- GET /wd/hub/session/60a2e62e-b724-4573-a9d3-097bb3fa34b0/element/00000000-0000-00d6-ffff-ffff0000006e/location [39m[32m200[39m [90m36 ms - 79[39m
[35m[HTTP][39m [90m[39m
[35m[HTTP][39m [37m-->[39m [37mPOST[39m [37m/wd/hub/session/60a2e62e-b724-4573-a9d3-097bb3fa34b0/elements[39m
[35m[HTTP][39m [90m{"using":"xpath","value":"//hierarchy/android.widget.FrameLayout[1]/android.widget.LinearLayout[1]/android.widget.FrameLayout[1]/android.widget.LinearLayout[1]/android.widget.FrameLayout[1]/android.widget.FrameLayout[1]/android.view.ViewGroup[1]/android.view.ViewGroup[2]/android.view.ViewGroup[2]/android.view.ViewGroup[5]/android.widget.ImageView[1]"}[39m
[35m[HTTP][39m [37m<-- POST /wd/hub/session/60a2e62e-b724-4573-a9d3-097bb3fa34b0/elements [39m[32m200[39m [90m240 ms - 139[39m
[35m[HTTP][39m [90m[39m
[35m[HTTP][39m [37m-->[39m [37mGET[39m [37m/wd/hub/session/60a2e62e-b724-4573-a9d3-097bb3fa34b0/element/00000000-0000-00d6-ffff-ffff0000006e/location[39m
[35m[HTTP][39m [90m{}[39m
[35m[W3C (60a2e62e)][39m Driver proxy active, passing request on via HTTP proxy
[35m[WD Proxy][39m Replacing sessionId aa05fc00-dda7-4277-a2bb-39235d0e9227 with 60a2e62e-b724-4573-a9d3-097bb3fa34b0
[35m[HTTP][39m [37m<-- GET /wd/hub/session/60a2e62e-b724-4573-a9d3-097bb3fa34b0/element/00000000-0000-00d6-ffff-ffff0000006e/location [39m[32m200[39m [90m17 ms - 79[39m
[35m[HTTP][39m [90m[39m
[35m[HTTP][39m [37m-->[39m [37mPOST[39m [37m/wd/hub/session/60a2e62e-b724-4573-a9d3-097bb3fa34b0/elements[39m
[35m[HTTP][39m [90m{"using":"xpath","value":"//hierarchy/android.widget.FrameLayout[1]/android.widget.LinearLayout[1]/android.widget.FrameLayout[1]/android.widget.LinearLayout[1]/android.widget.FrameLayout[1]/android.widget.FrameLayout[1]/android.view.ViewGroup[1]/android.view.ViewGroup[2]/android.view.ViewGroup[2]/android.view.ViewGroup[5]/android.widget.ImageView[1]"}[39m
[35m[HTTP][39m [37m<-- POST /wd/hub/session/60a2e62e-b724-4573-a9d3-097bb3fa34b0/elements [39m[32m200[39m [90m162 ms - 139[39m
[35m[HTTP][39m [90m[39m
[35m[HTTP][39m [37m-->[39m [37mGET[39m [37m/wd/hub/session/60a2e62e-b724-4573-a9d3-097bb3fa34b0/element/00000000-0000-00d6-ffff-ffff0000006e/location[39m
[35m[HTTP][39m [90m{}[39m
[35m[W3C (60a2e62e)][39m Driver proxy active, passing request on via HTTP proxy
[35m[WD Proxy][39m Replacing sessionId aa05fc00-dda7-4277-a2bb-39235d0e9227 with 60a2e62e-b724-4573-a9d3-097bb3fa34b0
[35m[HTTP][39m [37m<-- GET /wd/hub/session/60a2e62e-b724-4573-a9d3-097bb3fa34b0/element/00000000-0000-00d6-ffff-ffff0000006e/location [39m[32m200[39m [90m34 ms - 79[39m
[35m[HTTP][39m [90m[39m
[35m[HTTP][39m [37m-->[39m [37mPOST[39m [37m/wd/hub/session/60a2e62e-b724-4573-a9d3-097bb3fa34b0/elements[39m
[35m[HTTP][39m [90m{"using":"xpath","value":"//hierarchy/android.widget.FrameLayout[1]/android.widget.LinearLayout[1]/android.widget.FrameLayout[1]/android.widget.LinearLayout[1]/android.widget.FrameLayout[1]/android.widget.FrameLayout[1]/android.view.ViewGroup[1]/android.view.ViewGroup[2]/android.view.ViewGroup[2]/android.view.ViewGroup[5]/android.widget.ImageView[1]"}[39m
[35m[HTTP][39m [37m<-- POST /wd/hub/session/60a2e62e-b724-4573-a9d3-097bb3fa34b0/elements [39m[32m200[39m [90m207 ms - 139[39m
[35m[HTTP][39m [90m[39m
[35m[HTTP][39m [37m-->[39m [37mGET[39m [37m/wd/hub/session/60a2e62e-b724-4573-a9d3-097bb3fa34b0/element/00000000-0000-00d6-ffff-ffff0000006e/location[39m
[35m[HTTP][39m [90m{}[39m
[35m[W3C (60a2e62e)][39m Driver proxy active, passing request on via HTTP proxy
[35m[WD Proxy][39m Replacing sessionId aa05fc00-dda7-4277-a2bb-39235d0e9227 with 60a2e62e-b724-4573-a9d3-097bb3fa34b0
[35m[HTTP][39m [37m<-- GET /wd/hub/session/60a2e62e-b724-4573-a9d3-097bb3fa34b0/element/00000000-0000-00d6-ffff-ffff0000006e/location [39m[32m200[39m [90m30 ms - 79[39m
[35m[HTTP][39m [90m[39m
[35m[HTTP][39m [37m-->[39m [37mPOST[39m [37m/wd/hub/session/60a2e62e-b724-4573-a9d3-097bb3fa34b0/elements[39m
[35m[HTTP][39m [90m{"using":"xpath","value":"//hierarchy/android.widget.FrameLayout[1]/android.widget.LinearLayout[1]/android.widget.FrameLayout[1]/android.widget.LinearLayout[1]/android.widget.FrameLayout[1]/android.widget.FrameLayout[1]/android.view.ViewGroup[1]/android.view.ViewGroup[2]/android.view.ViewGroup[2]/android.view.ViewGroup[5]/android.widget.ImageView[1]"}[39m
[35m[HTTP][39m [37m<-- POST /wd/hub/session/60a2e62e-b724-4573-a9d3-097bb3fa34b0/elements [39m[32m200[39m [90m216 ms - 139[39m
[35m[HTTP][39m [90m[39m
[35m[HTTP][39m [37m-->[39m [37mGET[39m [37m/wd/hub/session/60a2e62e-b724-4573-a9d3-097bb3fa34b0/element/00000000-0000-00d6-ffff-ffff0000006e/location[39m
[35m[HTTP][39m [90m{}[39m
[35m[W3C (60a2e62e)][39m Driver proxy active, passing request on via HTTP proxy
[35m[WD Proxy][39m Replacing sessionId aa05fc00-dda7-4277-a2bb-39235d0e9227 with 60a2e62e-b724-4573-a9d3-097bb3fa34b0
[35m[HTTP][39m [37m<-- GET /wd/hub/session/60a2e62e-b724-4573-a9d3-097bb3fa34b0/element/00000000-0000-00d6-ffff-ffff0000006e/location [39m[32m200[39m [90m28 ms - 79[39m
[35m[HTTP][39m [90m[39m
[35m[HTTP][39m [37m-->[39m [37mPOST[39m [37m/wd/hub/session/60a2e62e-b724-4573-a9d3-097bb3fa34b0/elements[39m
[35m[HTTP][39m [90m{"using":"xpath","value":"//hierarchy/android.widget.FrameLayout[1]/android.widget.LinearLayout[1]/android.widget.FrameLayout[1]/android.widget.LinearLayout[1]/android.widget.FrameLayout[1]/android.widget.FrameLayout[1]/android.view.ViewGroup[1]/android.view.ViewGroup[2]/android.view.ViewGroup[2]/android.view.ViewGroup[5]/android.widget.ImageView[1]"}[39m
[35m[HTTP][39m [37m<-- POST /wd/hub/session/60a2e62e-b724-4573-a9d3-097bb3fa34b0/elements [39m[32m200[39m [90m215 ms - 139[39m
[35m[HTTP][39m [90m[39m
[35m[HTTP][39m [37m-->[39m [37mGET[39m [37m/wd/hub/session/60a2e62e-b724-4573-a9d3-097bb3fa34b0/element/00000000-0000-00d6-ffff-ffff0000006e/location[39m
[35m[HTTP][39m [90m{}[39m
[35m[W3C (60a2e62e)][39m Driver proxy active, passing request on via HTTP proxy
[35m[WD Proxy][39m Replacing sessionId aa05fc00-dda7-4277-a2bb-39235d0e9227 with 60a2e62e-b724-4573-a9d3-097bb3fa34b0
[35m[HTTP][39m [37m<-- GET /wd/hub/session/60a2e62e-b724-4573-a9d3-097bb3fa34b0/element/00000000-0000-00d6-ffff-ffff0000006e/location [39m[32m200[39m [90m28 ms - 79[39m
[35m[HTTP][39m [90m[39m
[35m[HTTP][39m [37m-->[39m [37mPOST[39m [37m/wd/hub/session/60a2e62e-b724-4573-a9d3-097bb3fa34b0/elements[39m
[35m[HTTP][39m [90m{"using":"xpath","value":"//hierarchy/android.widget.FrameLayout[1]/android.widget.LinearLayout[1]/android.widget.FrameLayout[1]/android.widget.LinearLayout[1]/android.widget.FrameLayout[1]/android.widget.FrameLayout[1]/android.view.ViewGroup[1]/android.view.ViewGroup[2]/android.view.ViewGroup[2]/android.view.ViewGroup[5]/android.widget.ImageView[1]"}[39m
[35m[HTTP][39m [37m<-- POST /wd/hub/session/60a2e62e-b724-4573-a9d3-097bb3fa34b0/elements [39m[32m200[39m [90m187 ms - 139[39m
[35m[HTTP][39m [90m[39m
[35m[HTTP][39m [37m-->[39m [37mGET[39m [37m/wd/hub/session/60a2e62e-b724-4573-a9d3-097bb3fa34b0/element/00000000-0000-00d6-ffff-ffff0000006e/location[39m
[35m[HTTP][39m [90m{}[39m
[35m[W3C (60a2e62e)][39m Driver proxy active, passing request on via HTTP proxy
[35m[WD Proxy][39m Replacing sessionId aa05fc00-dda7-4277-a2bb-39235d0e9227 with 60a2e62e-b724-4573-a9d3-097bb3fa34b0
[35m[HTTP][39m [37m<-- GET /wd/hub/session/60a2e62e-b724-4573-a9d3-097bb3fa34b0/element/00000000-0000-00d6-ffff-ffff0000006e/location [39m[32m200[39m [90m30 ms - 79[39m
[35m[HTTP][39m [90m[39m
[35m[HTTP][39m [37m-->[39m [37mPOST[39m [37m/wd/hub/session/60a2e62e-b724-4573-a9d3-097bb3fa34b0/elements[39m
[35m[HTTP][39m [90m{"using":"xpath","value":"//hierarchy/android.widget.FrameLayout[1]/android.widget.LinearLayout[1]/android.widget.FrameLayout[1]/android.widget.LinearLayout[1]/android.widget.FrameLayout[1]/android.widget.FrameLayout[1]/android.view.ViewGroup[1]/android.view.ViewGroup[2]/android.view.ViewGroup[2]/android.view.ViewGroup[5]/android.widget.ImageView[1]"}[39m
[35m[HTTP][39m [37m<-- POST /wd/hub/session/60a2e62e-b724-4573-a9d3-097bb3fa34b0/elements [39m[32m200[39m [90m187 ms - 139[39m
[35m[HTTP][39m [90m[39m
[35m[HTTP][39m [37m-->[39m [37mGET[39m [37m/wd/hub/session/60a2e62e-b724-4573-a9d3-097bb3fa34b0/element/00000000-0000-00d6-ffff-ffff0000006e/location[39m
[35m[HTTP][39m [90m{}[39m
[35m[W3C (60a2e62e)][39m Driver proxy active, passing request on via HTTP proxy
[35m[WD Proxy][39m Replacing sessionId aa05fc00-dda7-4277-a2bb-39235d0e9227 with 60a2e62e-b724-4573-a9d3-097bb3fa34b0
[35m[HTTP][39m [37m<-- GET /wd/hub/session/60a2e62e-b724-4573-a9d3-097bb3fa34b0/element/00000000-0000-00d6-ffff-ffff0000006e/location [39m[32m200[39m [90m35 ms - 79[39m
[35m[HTTP][39m [90m[39m
[35m[HTTP][39m [37m-->[39m [37mPOST[39m [37m/wd/hub/session/60a2e62e-b724-4573-a9d3-097bb3fa34b0/elements[39m
[35m[HTTP][39m [90m{"using":"xpath","value":"//hierarchy/android.widget.FrameLayout[1]/android.widget.LinearLayout[1]/android.widget.FrameLayout[1]/android.widget.LinearLayout[1]/android.widget.FrameLayout[1]/android.widget.FrameLayout[1]/android.view.ViewGroup[1]/android.view.ViewGroup[2]/android.view.ViewGroup[2]/android.view.ViewGroup[5]/android.widget.ImageView[1]"}[39m
[35m[HTTP][39m [37m<-- POST /wd/hub/session/60a2e62e-b724-4573-a9d3-097bb3fa34b0/elements [39m[32m200[39m [90m237 ms - 139[39m
[35m[HTTP][39m [90m[39m
[35m[HTTP][39m [37m-->[39m [37mGET[39m [37m/wd/hub/session/60a2e62e-b724-4573-a9d3-097bb3fa34b0/element/00000000-0000-00d6-ffff-ffff0000006e/location[39m
[35m[HTTP][39m [90m{}[39m
[35m[W3C (60a2e62e)][39m Driver proxy active, passing request on via HTTP proxy
[35m[WD Proxy][39m Replacing sessionId aa05fc00-dda7-4277-a2bb-39235d0e9227 with 60a2e62e-b724-4573-a9d3-097bb3fa34b0
[35m[HTTP][39m [37m<-- GET /wd/hub/session/60a2e62e-b724-4573-a9d3-097bb3fa34b0/element/00000000-0000-00d6-ffff-ffff0000006e/location [39m[32m200[39m [90m27 ms - 79[39m
[35m[HTTP][39m [90m[39m
[35m[HTTP][39m [37m-->[39m [37mPOST[39m [37m/wd/hub/session/60a2e62e-b724-4573-a9d3-097bb3fa34b0/elements[39m
[35m[HTTP][39m [90m{"using":"xpath","value":"//hierarchy/android.widget.FrameLayout[1]/android.widget.LinearLayout[1]/android.widget.FrameLayout[1]/android.widget.LinearLayout[1]/android.widget.FrameLayout[1]/android.widget.FrameLayout[1]/android.view.ViewGroup[1]/android.view.ViewGroup[2]/android.view.ViewGroup[2]/android.view.ViewGroup[5]/android.widget.ImageView[1]"}[39m
[35m[HTTP][39m [37m<-- POST /wd/hub/session/60a2e62e-b724-4573-a9d3-097bb3fa34b0/elements [39m[32m200[39m [90m194 ms - 139[39m
[35m[HTTP][39m [90m[39m
[35m[HTTP][39m [37m-->[39m [37mGET[39m [37m/wd/hub/session/60a2e62e-b724-4573-a9d3-097bb3fa34b0/element/00000000-0000-00d6-ffff-ffff0000006e/location[39m
[35m[HTTP][39m [90m{}[39m
[35m[W3C (60a2e62e)][39m Driver proxy active, passing request on via HTTP proxy
[35m[WD Proxy][39m Replacing sessionId aa05fc00-dda7-4277-a2bb-39235d0e9227 with 60a2e62e-b724-4573-a9d3-097bb3fa34b0
[35m[HTTP][39m [37m<-- GET /wd/hub/session/60a2e62e-b724-4573-a9d3-097bb3fa34b0/element/00000000-0000-00d6-ffff-ffff0000006e/location [39m[32m200[39m [90m32 ms - 79[39m
[35m[HTTP][39m [90m[39m
[35m[HTTP][39m [37m-->[39m [37mPOST[39m [37m/wd/hub/session/60a2e62e-b724-4573-a9d3-097bb3fa34b0/elements[39m
[35m[HTTP][39m [90m{"using":"xpath","value":"//hierarchy/android.widget.FrameLayout[1]/android.widget.LinearLayout[1]/android.widget.FrameLayout[1]/android.widget.LinearLayout[1]/android.widget.FrameLayout[1]/android.widget.FrameLayout[1]/android.view.ViewGroup[1]/android.view.ViewGroup[2]/android.view.ViewGroup[2]/android.view.ViewGroup[5]/android.widget.ImageView[1]"}[39m
[35m[HTTP][39m [37m<-- POST /wd/hub/session/60a2e62e-b724-4573-a9d3-097bb3fa34b0/elements [39m[32m200[39m [90m189 ms - 139[39m
[35m[HTTP][39m [90m[39m
[35m[HTTP][39m [37m-->[39m [37mGET[39m [37m/wd/hub/session/60a2e62e-b724-4573-a9d3-097bb3fa34b0/element/00000000-0000-00d6-ffff-ffff0000006e/location[39m
[35m[HTTP][39m [90m{}[39m
[35m[W3C (60a2e62e)][39m Driver proxy active, passing request on via HTTP proxy
[35m[WD Proxy][39m Replacing sessionId aa05fc00-dda7-4277-a2bb-39235d0e9227 with 60a2e62e-b724-4573-a9d3-097bb3fa34b0
[35m[HTTP][39m [37m<-- GET /wd/hub/session/60a2e62e-b724-4573-a9d3-097bb3fa34b0/element/00000000-0000-00d6-ffff-ffff0000006e/location [39m[32m200[39m [90m47 ms - 79[39m
[35m[HTTP][39m [90m[39m
[35m[HTTP][39m [37m-->[39m [37mPOST[39m [37m/wd/hub/session/60a2e62e-b724-4573-a9d3-097bb3fa34b0/elements[39m
[35m[HTTP][39m [90m{"using":"xpath","value":"//hierarchy/android.widget.FrameLayout[1]/android.widget.LinearLayout[1]/android.widget.FrameLayout[1]/android.widget.LinearLayout[1]/android.widget.FrameLayout[1]/android.widget.FrameLayout[1]/android.view.ViewGroup[1]/android.view.ViewGroup[2]/android.view.ViewGroup[2]/android.view.ViewGroup[5]/android.widget.ImageView[1]"}[39m
[35m[HTTP][39m [37m<-- POST /wd/hub/session/60a2e62e-b724-4573-a9d3-097bb3fa34b0/elements [39m[32m200[39m [90m196 ms - 139[39m
[35m[HTTP][39m [90m[39m
[35m[HTTP][39m [37m-->[39m [37mGET[39m [37m/wd/hub/session/60a2e62e-b724-4573-a9d3-097bb3fa34b0/element/00000000-0000-00d6-ffff-ffff0000006e/location[39m
[35m[HTTP][39m [90m{}[39m
[35m[W3C (60a2e62e)][39m Driver proxy active, passing request on via HTTP proxy
[35m[WD Proxy][39m Replacing sessionId aa05fc00-dda7-4277-a2bb-39235d0e9227 with 60a2e62e-b724-4573-a9d3-097bb3fa34b0
[35m[HTTP][39m [37m<-- GET /wd/hub/session/60a2e62e-b724-4573-a9d3-097bb3fa34b0/element/00000000-0000-00d6-ffff-ffff0000006e/location [39m[32m200[39m [90m29 ms - 79[39m
[35m[HTTP][39m [90m[39m
[35m[HTTP][39m [37m-->[39m [37mPOST[39m [37m/wd/hub/session/60a2e62e-b724-4573-a9d3-097bb3fa34b0/elements[39m
[35m[HTTP][39m [90m{"using":"xpath","value":"//hierarchy/android.widget.FrameLayout[1]/android.widget.LinearLayout[1]/android.widget.FrameLayout[1]/android.widget.LinearLayout[1]/android.widget.FrameLayout[1]/android.widget.FrameLayout[1]/android.view.ViewGroup[1]/android.view.ViewGroup[2]/android.view.ViewGroup[2]/android.view.ViewGroup[5]/android.widget.ImageView[1]"}[39m
[35m[HTTP][39m [37m<-- POST /wd/hub/session/60a2e62e-b724-4573-a9d3-097bb3fa34b0/elements [39m[32m200[39m [90m240 ms - 139[39m
[35m[HTTP][39m [90m[39m
[35m[HTTP][39m [37m-->[39m [37mGET[39m [37m/wd/hub/session/60a2e62e-b724-4573-a9d3-097bb3fa34b0/element/00000000-0000-00d6-ffff-ffff0000006e/location[39m
[35m[HTTP][39m [90m{}[39m
[35m[W3C (60a2e62e)][39m Driver proxy active, passing request on via HTTP proxy
[35m[WD Proxy][39m Replacing sessionId aa05fc00-dda7-4277-a2bb-39235d0e9227 with 60a2e62e-b724-4573-a9d3-097bb3fa34b0
[35m[HTTP][39m [37m<-- GET /wd/hub/session/60a2e62e-b724-4573-a9d3-097bb3fa34b0/element/00000000-0000-00d6-ffff-ffff0000006e/location [39m[32m200[39m [90m53 ms - 79[39m
[35m[HTTP][39m [90m[39m
[35m[HTTP][39m [37m-->[39m [37mPOST[39m [37m/wd/hub/session/60a2e62e-b724-4573-a9d3-097bb3fa34b0/elements[39m
[35m[HTTP][39m [90m{"using":"xpath","value":"//hierarchy/android.widget.FrameLayout[1]/android.widget.LinearLayout[1]/android.widget.FrameLayout[1]/android.widget.LinearLayout[1]/android.widget.FrameLayout[1]/android.widget.FrameLayout[1]/android.view.ViewGroup[1]/android.view.ViewGroup[2]/android.view.ViewGroup[2]/android.view.ViewGroup[5]/android.widget.ImageView[1]"}[39m
[35m[HTTP][39m [37m<-- POST /wd/hub/session/60a2e62e-b724-4573-a9d3-097bb3fa34b0/elements [39m[32m200[39m [90m181 ms - 139[39m
[35m[HTTP][39m [90m[39m
[35m[HTTP][39m [37m-->[39m [37mGET[39m [37m/wd/hub/session/60a2e62e-b724-4573-a9d3-097bb3fa34b0/element/00000000-0000-00d6-ffff-ffff0000006e/location[39m
[35m[HTTP][39m [90m{}[39m
[35m[W3C (60a2e62e)][39m Driver proxy active, passing request on via HTTP proxy
[35m[WD Proxy][39m Replacing sessionId aa05fc00-dda7-4277-a2bb-39235d0e9227 with 60a2e62e-b724-4573-a9d3-097bb3fa34b0
[35m[HTTP][39m [37m<-- GET /wd/hub/session/60a2e62e-b724-4573-a9d3-097bb3fa34b0/element/00000000-0000-00d6-ffff-ffff0000006e/location [39m[32m200[39m [90m19 ms - 79[39m
[35m[HTTP][39m [90m[39m
[35m[HTTP][39m [37m-->[39m [37mPOST[39m [37m/wd/hub/session/60a2e62e-b724-4573-a9d3-097bb3fa34b0/elements[39m
[35m[HTTP][39m [90m{"using":"xpath","value":"//hierarchy/android.widget.FrameLayout[1]/android.widget.LinearLayout[1]/android.widget.FrameLayout[1]/android.widget.LinearLayout[1]/android.widget.FrameLayout[1]/android.widget.FrameLayout[1]/android.view.ViewGroup[1]/android.view.ViewGroup[2]/android.view.ViewGroup[2]/android.view.ViewGroup[5]/android.widget.ImageView[1]"}[39m
[35m[HTTP][39m [37m<-- POST /wd/hub/session/60a2e62e-b724-4573-a9d3-097bb3fa34b0/elements [39m[32m200[39m [90m204 ms - 139[39m
[35m[HTTP][39m [90m[39m
[35m[HTTP][39m [37m-->[39m [37mGET[39m [37m/wd/hub/session/60a2e62e-b724-4573-a9d3-097bb3fa34b0/element/00000000-0000-00d6-ffff-ffff0000006e/location[39m
[35m[HTTP][39m [90m{}[39m
[35m[W3C (60a2e62e)][39m Driver proxy active, passing request on via HTTP proxy
[35m[WD Proxy][39m Replacing sessionId aa05fc00-dda7-4277-a2bb-39235d0e9227 with 60a2e62e-b724-4573-a9d3-097bb3fa34b0
[35m[HTTP][39m [37m<-- GET /wd/hub/session/60a2e62e-b724-4573-a9d3-097bb3fa34b0/element/00000000-0000-00d6-ffff-ffff0000006e/location [39m[32m200[39m [90m32 ms - 79[39m
[35m[HTTP][39m [90m[39m
[35m[HTTP][39m [37m-->[39m [37mPOST[39m [37m/wd/hub/session/60a2e62e-b724-4573-a9d3-097bb3fa34b0/elements[39m
[35m[HTTP][39m [90m{"using":"xpath","value":"//hierarchy/android.widget.FrameLayout[1]/android.widget.LinearLayout[1]/android.widget.FrameLayout[1]/android.widget.LinearLayout[1]/android.widget.FrameLayout[1]/android.widget.FrameLayout[1]/android.view.ViewGroup[1]/android.view.ViewGroup[2]/android.view.ViewGroup[2]/android.view.ViewGroup[5]/android.widget.ImageView[1]"}[39m
[35m[HTTP][39m [37m<-- POST /wd/hub/session/60a2e62e-b724-4573-a9d3-097bb3fa34b0/elements [39m[32m200[39m [90m220 ms - 139[39m
[35m[HTTP][39m [90m[39m
[35m[HTTP][39m [37m-->[39m [37mGET[39m [37m/wd/hub/session/60a2e62e-b724-4573-a9d3-097bb3fa34b0/element/00000000-0000-00d6-ffff-ffff0000006e/location[39m
[35m[HTTP][39m [90m{}[39m
[35m[W3C (60a2e62e)][39m Driver proxy active, passing request on via HTTP proxy
[35m[WD Proxy][39m Replacing sessionId aa05fc00-dda7-4277-a2bb-39235d0e9227 with 60a2e62e-b724-4573-a9d3-097bb3fa34b0
[35m[HTTP][39m [37m<-- GET /wd/hub/session/60a2e62e-b724-4573-a9d3-097bb3fa34b0/element/00000000-0000-00d6-ffff-ffff0000006e/location [39m[32m200[39m [90m28 ms - 79[39m
[35m[HTTP][39m [90m[39m
[35m[HTTP][39m [37m-->[39m [37mPOST[39m [37m/wd/hub/session/60a2e62e-b724-4573-a9d3-097bb3fa34b0/elements[39m
[35m[HTTP][39m [90m{"using":"xpath","value":"//hierarchy/android.widget.FrameLayout[1]/android.widget.LinearLayout[1]/android.widget.FrameLayout[1]/android.widget.LinearLayout[1]/android.widget.FrameLayout[1]/android.widget.FrameLayout[1]/android.view.ViewGroup[1]/android.view.ViewGroup[2]/android.view.ViewGroup[2]/android.view.ViewGroup[5]/android.widget.ImageView[1]"}[39m
[35m[HTTP][39m [37m<-- POST /wd/hub/session/60a2e62e-b724-4573-a9d3-097bb3fa34b0/elements [39m[32m200[39m [90m178 ms - 139[39m
[35m[HTTP][39m [90m[39m
[35m[HTTP][39m [37m-->[39m [37mGET[39m [37m/wd/hub/session/60a2e62e-b724-4573-a9d3-097bb3fa34b0/element/00000000-0000-00d6-ffff-ffff0000006e/location[39m
[35m[HTTP][39m [90m{}[39m
[35m[W3C (60a2e62e)][39m Driver proxy active, passing request on via HTTP proxy
[35m[WD Proxy][39m Replacing sessionId aa05fc00-dda7-4277-a2bb-39235d0e9227 with 60a2e62e-b724-4573-a9d3-097bb3fa34b0
[35m[HTTP][39m [37m<-- GET /wd/hub/session/60a2e62e-b724-4573-a9d3-097bb3fa34b0/element/00000000-0000-00d6-ffff-ffff0000006e/location [39m[32m200[39m [90m26 ms - 79[39m
[35m[HTTP][39m [90m[39m
[35m[HTTP][39m [37m-->[39m [37mPOST[39m [37m/wd/hub/session/60a2e62e-b724-4573-a9d3-097bb3fa34b0/elements[39m
[35m[HTTP][39m [90m{"using":"xpath","value":"//hierarchy/android.widget.FrameLayout[1]/android.widget.LinearLayout[1]/android.widget.FrameLayout[1]/android.widget.LinearLayout[1]/android.widget.FrameLayout[1]/android.widget.FrameLayout[1]/android.view.ViewGroup[1]/android.view.ViewGroup[2]/android.view.ViewGroup[2]/android.view.ViewGroup[5]/android.widget.ImageView[1]"}[39m
[35m[HTTP][39m [37m<-- POST /wd/hub/session/60a2e62e-b724-4573-a9d3-097bb3fa34b0/elements [39m[32m200[39m [90m198 ms - 139[39m
[35m[HTTP][39m [90m[39m
[35m[HTTP][39m [37m-->[39m [37mGET[39m [37m/wd/hub/session/60a2e62e-b724-4573-a9d3-097bb3fa34b0/element/00000000-0000-00d6-ffff-ffff0000006e/location[39m
[35m[HTTP][39m [90m{}[39m
[35m[W3C (60a2e62e)][39m Driver proxy active, passing request on via HTTP proxy
[35m[WD Proxy][39m Replacing sessionId aa05fc00-dda7-4277-a2bb-39235d0e9227 with 60a2e62e-b724-4573-a9d3-097bb3fa34b0
[35m[HTTP][39m [37m<-- GET /wd/hub/session/60a2e62e-b724-4573-a9d3-097bb3fa34b0/element/00000000-0000-00d6-ffff-ffff0000006e/location [39m[32m200[39m [90m27 ms - 79[39m
[35m[HTTP][39m [90m[39m
[35m[HTTP][39m [37m-->[39m [37mPOST[39m [37m/wd/hub/session/60a2e62e-b724-4573-a9d3-097bb3fa34b0/element/00000000-0000-00d6-ffff-ffff0000006e/click[39m
[35m[HTTP][39m [90m{"id":"00000000-0000-00d6-ffff-ffff0000006e"}[39m
[35m[HTTP][39m [37m<-- POST /wd/hub/session/60a2e62e-b724-4573-a9d3-097bb3fa34b0/element/00000000-0000-00d6-ffff-ffff0000006e/click [39m[32m200[39m [90m103 ms - 14[39m
[35m[HTTP][39m [90m[39m
[35m[HTTP][39m [37m-->[39m [37mGET[39m [37m/wd/hub/session/60a2e62e-b724-4573-a9d3-097bb3fa34b0/source[39m
[35m[HTTP][39m [90m{}[39m
[35m[W3C (60a2e62e)][39m Driver proxy active, passing request on via HTTP proxy
[35m[WD Proxy][39m Replacing sessionId aa05fc00-dda7-4277-a2bb-39235d0e9227 with 60a2e62e-b724-4573-a9d3-097bb3fa34b0
[35m[HTTP][39m [37m<-- GET /wd/hub/session/60a2e62e-b724-4573-a9d3-097bb3fa34b0/source [39m[32m200[39m [90m173 ms - 18137[39m
[35m[HTTP][39m [90m[39m
[35m[HTTP][39m [37m-->[39m [37mGET[39m [37m/wd/hub/session/60a2e62e-b724-4573-a9d3-097bb3fa34b0/screenshot[39m
[35m[HTTP][39m [90m{}[39m
[35m[HTTP][39m [37m<-- GET /wd/hub/session/60a2e62e-b724-4573-a9d3-097bb3fa34b0/screenshot [39m[32m200[39m [90m485 ms - 150844[39m
[35m[HTTP][39m [90m[39m
[35m[HTTP][39m [37m-->[39m [37mPOST[39m [37m/wd/hub/session/60a2e62e-b724-4573-a9d3-097bb3fa34b0/elements[39m
[35m[HTTP][39m [90m{"using":"xpath","value":"//*[@class = 'android.widget.TextView' and (@text = 'Hi there!\nDon’t hesitate to contact us for any questions or feedback that you might have.' or . = 'Hi there!\nDon’t hesitate to contact us for any questions or feedback that you might have.')]"}[39m
[35m[HTTP][39m [37m<-- POST /wd/hub/session/60a2e62e-b724-4573-a9d3-097bb3fa34b0/elements [39m[32m200[39m [90m163 ms - 139[39m
[35m[HTTP][39m [90m[39m
[35m[HTTP][39m [37m-->[39m [37mGET[39m [37m/wd/hub/session/60a2e62e-b724-4573-a9d3-097bb3fa34b0/window/rect[39m
[35m[HTTP][39m [90m{}[39m
[35m[HTTP][39m [37m<-- GET /wd/hub/session/60a2e62e-b724-4573-a9d3-097bb3fa34b0/window/rect [39m[32m200[39m [90m18 ms - 50[39m
[35m[HTTP][39m [90m[39m
[35m[HTTP][39m [37m-->[39m [37mPOST[39m [37m/wd/hub/session/60a2e62e-b724-4573-a9d3-097bb3fa34b0/elements[39m
[35m[HTTP][39m [90m{"using":"xpath","value":"//*[@class = 'android.widget.TextView' and (@text = 'Hi there!\nDon’t hesitate to contact us for any questions or feedback that you might have.' or . = 'Hi there!\nDon’t hesitate to contact us for any questions or feedback that you might have.')]"}[39m
[35m[HTTP][39m [37m<-- POST /wd/hub/session/60a2e62e-b724-4573-a9d3-097bb3fa34b0/elements [39m[32m200[39m [90m157 ms - 139[39m
[35m[HTTP][39m [90m[39m
[35m[HTTP][39m [37m-->[39m [37mGET[39m [37m/wd/hub/session/60a2e62e-b724-4573-a9d3-097bb3fa34b0/element/00000000-0000-00d6-ffff-ffff0000001b/location[39m
[35m[HTTP][39m [90m{}[39m
[35m[W3C (60a2e62e)][39m Driver proxy active, passing request on via HTTP proxy
[35m[WD Proxy][39m Replacing sessionId aa05fc00-dda7-4277-a2bb-39235d0e9227 with 60a2e62e-b724-4573-a9d3-097bb3fa34b0
[35m[HTTP][39m [37m<-- GET /wd/hub/session/60a2e62e-b724-4573-a9d3-097bb3fa34b0/element/00000000-0000-00d6-ffff-ffff0000001b/location [39m[32m200[39m [90m30 ms - 77[39m
[35m[HTTP][39m [90m[39m
[35m[HTTP][39m [37m-->[39m [37mGET[39m [37m/wd/hub/session/60a2e62e-b724-4573-a9d3-097bb3fa34b0/element/00000000-0000-00d6-ffff-ffff0000001b/text[39m
[35m[HTTP][39m [90m{}[39m
[35m[W3C (60a2e62e)][39m Driver proxy active, passing request on via HTTP proxy
[35m[WD Proxy][39m Replacing sessionId aa05fc00-dda7-4277-a2bb-39235d0e9227 with 60a2e62e-b724-4573-a9d3-097bb3fa34b0
[35m[HTTP][39m [37m<-- GET /wd/hub/session/60a2e62e-b724-4573-a9d3-097bb3fa34b0/element/00000000-0000-00d6-ffff-ffff0000001b/text [39m[32m200[39m [90m32 ms - 155[39m
[35m[HTTP][39m [90m[39m
[35m[HTTP][39m [37m-->[39m [37mGET[39m [37m/wd/hub/session/60a2e62e-b724-4573-a9d3-097bb3fa34b0/source[39m
[35m[HTTP][39m [90m{}[39m
[35m[W3C (60a2e62e)][39m Driver proxy active, passing request on via HTTP proxy
[35m[WD Proxy][39m Replacing sessionId aa05fc00-dda7-4277-a2bb-39235d0e9227 with 60a2e62e-b724-4573-a9d3-097bb3fa34b0
[35m[HTTP][39m [37m<-- GET /wd/hub/session/60a2e62e-b724-4573-a9d3-097bb3fa34b0/source [39m[32m200[39m [90m160 ms - 18137[39m
[35m[HTTP][39m [90m[39m
[35m[HTTP][39m [37m-->[39m [37mGET[39m [37m/wd/hub/session/60a2e62e-b724-4573-a9d3-097bb3fa34b0/screenshot[39m
[35m[HTTP][39m [90m{}[39m
[35m[HTTP][39m [37m<-- GET /wd/hub/session/60a2e62e-b724-4573-a9d3-097bb3fa34b0/screenshot [39m[32m200[39m [90m491 ms - 151456[39m
[35m[HTTP][39m [90m[39m
[35m[HTTP][39m [37m-->[39m [37mDELETE[39m [37m/wd/hub/session/60a2e62e-b724-4573-a9d3-097bb3fa34b0[39m
[35m[HTTP][39m [90m{}[39m
[35m[Appium][39m Removing session 60a2e62e-b724-4573-a9d3-097bb3fa34b0 from our master session list
[35m[UiAutomator2][39m Restoring hidden api policy to the device default configuration
[35m[HTTP][39m [37m<-- DELETE /wd/hub/session/60a2e62e-b724-4573-a9d3-097bb3fa34b0 [39m[32m200[39m [90m698 ms - 14[39m
[35m[HTTP][39m [90m[39m
